2025-12-01 22:31:05.565 [background-preinit] INFO  o.h.validator.internal.util.Version - HV000001: Hibernate Validator 8.0.3.Final
2025-12-01 22:31:05.659 [main] INFO  c.bank.customer.CustomerApplication - Starting CustomerApplication using Java 17.0.6 with PID 8000 (C:\Users\Jeanso\Documents\NTT-PROYECTOS\Proyecto_final\customer\target\classes started by Jeanso in C:\Users\Jeanso\Documents\NTT-PROYECTOS\Proyecto_final\customer)
2025-12-01 22:31:05.659 [main] DEBUG c.bank.customer.CustomerApplication - Running with Spring Boot v3.4.12, Spring v6.2.14
2025-12-01 22:31:05.660 [main] INFO  c.bank.customer.CustomerApplication - No active profile set, falling back to 1 default profile: "default"
2025-12-01 22:31:06.242 [main] INFO  o.s.d.r.c.RepositoryConfigurationDelegate - Bootstrapping Spring Data Reactive MongoDB repositories in DEFAULT mode.
2025-12-01 22:31:06.396 [main] INFO  o.s.d.r.c.RepositoryConfigurationDelegate - Finished Spring Data repository scanning in 147 ms. Found 1 Reactive MongoDB repository interface.
2025-12-01 22:31:06.467 [main] INFO  o.s.cloud.context.scope.GenericScope - BeanFactory id=8c11c781-1b4b-3bbd-a703-def16a63e0a5
2025-12-01 22:31:07.000 [main] INFO  org.mongodb.driver.client - MongoClient with metadata {"driver": {"name": "mongo-java-driver|reactive-streams|spring-boot", "version": "5.2.1"}, "os": {"type": "Windows", "name": "Windows 10", "architecture": "amd64", "version": "10.0"}, "platform": "Java/Oracle Corporation/17.0.6+9-LTS-190"} created with settings MongoClientSettings{readPreference=primary, writeConcern=WriteConcern{w=null, wTimeout=null ms, journal=null}, retryWrites=true, retryReads=true, readConcern=ReadConcern{level=null}, credential=null, transportSettings=NettyTransportSettings{eventLoopGroup=io.netty.channel.nio.NioEventLoopGroup@51d0ec6f, socketChannelClass=null, allocator=null, sslContext=null}, commandListeners=[], codecRegistry=ProvidersCodecRegistry{codecProviders=[ValueCodecProvider{}, BsonValueCodecProvider{}, DBRefCodecProvider{}, DBObjectCodecProvider{}, DocumentCodecProvider{}, CollectionCodecProvider{}, IterableCodecProvider{}, MapCodecProvider{}, GeoJsonCodecProvider{}, GridFSFileCodecProvider{}, Jsr310CodecProvider{}, JsonObjectCodecProvider{}, BsonCodecProvider{}, EnumCodecProvider{}, com.mongodb.client.model.mql.ExpressionCodecProvider@7bee8621, com.mongodb.Jep395RecordCodecProvider@4e0cc334, com.mongodb.KotlinCodecProvider@1e12a5a6]}, loggerSettings=LoggerSettings{maxDocumentLength=1000}, clusterSettings={hosts=[localhost:27017], srvServiceName=mongodb, mode=SINGLE, requiredClusterType=UNKNOWN, requiredReplicaSetName='null', serverSelector='null', clusterListeners='[]', serverSelectionTimeout='30000 ms', localThreshold='15 ms'}, socketSettings=SocketSettings{connectTimeoutMS=10000, readTimeoutMS=0, receiveBufferSize=0, proxySettings=ProxySettings{host=null, port=null, username=null, password=null}}, heartbeatSocketSettings=SocketSettings{connectTimeoutMS=10000, readTimeoutMS=10000, receiveBufferSize=0, proxySettings=ProxySettings{host=null, port=null, username=null, password=null}}, connectionPoolSettings=ConnectionPoolSettings{maxSize=100, minSize=0, maxWaitTimeMS=120000, maxConnectionLifeTimeMS=0, maxConnectionIdleTimeMS=0, maintenanceInitialDelayMS=0, maintenanceFrequencyMS=60000, connectionPoolListeners=[], maxConnecting=2}, serverSettings=ServerSettings{heartbeatFrequencyMS=10000, minHeartbeatFrequencyMS=500, serverMonitoringMode=AUTO, serverListeners='[]', serverMonitorListeners='[]'}, sslSettings=SslSettings{enabled=false, invalidHostNameAllowed=false, context=null}, applicationName='null', compressorList=[], uuidRepresentation=JAVA_LEGACY, serverApi=null, autoEncryptionSettings=null, dnsClient=null, inetAddressResolver=null, contextProvider=null, timeoutMS=null}
2025-12-01 22:31:07.097 [cluster-ClusterId{value='692e5d7a76612561df8ef484', description='null'}-localhost:27017] INFO  org.mongodb.driver.cluster - Monitor thread successfully connected to server with description ServerDescription{address=localhost:27017, type=STANDALONE, cryptd=false, state=CONNECTED, ok=true, minWireVersion=0, maxWireVersion=27, maxDocumentSize=16777216, logicalSessionTimeoutMinutes=30, roundTripTimeNanos=39718300, minRoundTripTimeNanos=0}
2025-12-01 22:31:07.802 [main] INFO  o.s.b.w.e.netty.NettyWebServer - Netty started on port 8081 (http)
2025-12-01 22:31:07.925 [main] INFO  c.bank.customer.CustomerApplication - Started CustomerApplication in 2.867 seconds (process running for 3.246)
2025-12-01 22:34:23.210 [reactor-http-nio-3] INFO  c.b.c.controller.CustomerController - POST /api/customers - Creating customer
2025-12-01 22:34:23.210 [reactor-http-nio-3] DEBUG c.b.customer.service.CustomerService - Creating customer with document number: 12345678
2025-12-01 22:34:23.227 [reactor-http-nio-3] DEBUG o.s.d.m.r.query.MongoQueryCreator - Created query Query: { "documentNumber" : "12345678"}, Fields: {}, Sort: {}
2025-12-01 22:34:23.247 [reactor-http-nio-3] DEBUG o.s.d.m.core.ReactiveMongoTemplate - exists: { "documentNumber" : "12345678"} in collection: customers
2025-12-01 22:34:23.332 [nioEventLoopGroup-3-3] DEBUG o.s.d.m.core.ReactiveMongoTemplate - Inserting Document containing fields: [customerType, documentNumber, firstName, lastName, email, phoneNumber, address, createdAt, _class] in collection: customers
2025-12-01 22:34:23.373 [nioEventLoopGroup-3-3] INFO  c.b.customer.service.CustomerService - Customer created successfully with id: 692e5e3f76612561df8ef485
2025-12-01 22:34:40.147 [reactor-http-nio-3] INFO  c.b.c.controller.CustomerController - POST /api/customers - Creating customer
2025-12-01 22:34:40.147 [reactor-http-nio-3] DEBUG c.b.customer.service.CustomerService - Creating customer with document number: 20123456789
2025-12-01 22:34:40.148 [reactor-http-nio-3] DEBUG o.s.d.m.r.query.MongoQueryCreator - Created query Query: { "documentNumber" : "20123456789"}, Fields: {}, Sort: {}
2025-12-01 22:34:40.148 [reactor-http-nio-3] DEBUG o.s.d.m.core.ReactiveMongoTemplate - exists: { "documentNumber" : "20123456789"} in collection: customers
2025-12-01 22:34:40.154 [nioEventLoopGroup-3-3] DEBUG o.s.d.m.core.ReactiveMongoTemplate - Inserting Document containing fields: [customerType, documentNumber, email, phoneNumber, businessName, taxId, address, createdAt, _class] in collection: customers
2025-12-01 22:34:40.155 [nioEventLoopGroup-3-3] INFO  c.b.customer.service.CustomerService - Customer created successfully with id: 692e5e5076612561df8ef486
2025-12-01 22:35:06.442 [reactor-http-nio-3] INFO  c.b.c.controller.CustomerController - GET /api/customers - Fetching all customers
2025-12-01 22:35:06.442 [reactor-http-nio-3] DEBUG c.b.customer.service.CustomerService - Finding all customers
2025-12-01 22:35:06.446 [reactor-http-nio-3] DEBUG o.s.d.m.core.ReactiveMongoTemplate - find using query: {} fields: Document{{}} for class: class com.bank.customer.model.entity.Customer in collection: customers
2025-12-01 22:35:06.468 [reactor-http-nio-3] DEBUG c.b.customer.service.CustomerService - Retrieved all customers
2025-12-01 22:35:09.437 [reactor-http-nio-3] INFO  c.b.c.controller.CustomerController - GET /api/customers/document/12345678 - Fetching customer by document number
2025-12-01 22:35:09.437 [reactor-http-nio-3] DEBUG c.b.customer.service.CustomerService - Finding customer by document number: 12345678
2025-12-01 22:35:09.442 [reactor-http-nio-3] DEBUG o.s.d.m.r.query.MongoQueryCreator - Created query Query: { "documentNumber" : "12345678"}, Fields: {}, Sort: {}
2025-12-01 22:35:09.443 [reactor-http-nio-3] DEBUG o.s.d.m.core.ReactiveMongoTemplate - find using query: { "documentNumber" : "12345678"} fields: Document{{}} for class: class com.bank.customer.model.entity.Customer in collection: customers
2025-12-01 22:35:09.449 [nioEventLoopGroup-3-3] DEBUG c.b.customer.service.CustomerService - Customer found with document number: 12345678
2025-12-01 22:35:24.839 [reactor-http-nio-3] INFO  c.b.c.controller.CustomerController - GET /api/customers/692e5e5076612561df8ef486 - Fetching customer by id
2025-12-01 22:35:24.839 [reactor-http-nio-3] DEBUG c.b.customer.service.CustomerService - Finding customer by id: 692e5e5076612561df8ef486
2025-12-01 22:35:24.840 [reactor-http-nio-3] DEBUG o.s.d.m.core.ReactiveMongoTemplate - findOne using query: { "id" : "692e5e5076612561df8ef486"} fields: Document{{}} for class: class com.bank.customer.model.entity.Customer in collection: customers
2025-12-01 22:35:24.844 [nioEventLoopGroup-3-3] DEBUG c.b.customer.service.CustomerService - Customer found with id: 692e5e5076612561df8ef486
2025-12-01 22:35:58.568 [reactor-http-nio-3] INFO  c.b.c.controller.CustomerController - PUT /api/customers/692e5e3f76612561df8ef485 - Updating customer
2025-12-01 22:35:58.568 [reactor-http-nio-3] DEBUG c.b.customer.service.CustomerService - Updating customer with id: 692e5e3f76612561df8ef485
2025-12-01 22:35:58.568 [reactor-http-nio-3] DEBUG o.s.d.m.core.ReactiveMongoTemplate - findOne using query: { "id" : "692e5e3f76612561df8ef485"} fields: Document{{}} for class: class com.bank.customer.model.entity.Customer in collection: customers
2025-12-01 22:35:58.571 [nioEventLoopGroup-3-3] DEBUG o.s.d.m.core.ReactiveMongoTemplate - Saving Document containing fields: [_id, customerType, documentNumber, firstName, lastName, email, phoneNumber, address, createdAt, updatedAt, _class]
2025-12-01 22:35:58.583 [nioEventLoopGroup-3-3] INFO  c.b.customer.service.CustomerService - Customer updated successfully with id: 692e5e3f76612561df8ef485
2025-12-01 22:36:03.117 [reactor-http-nio-3] INFO  c.b.c.controller.CustomerController - GET /api/customers/document/12345678 - Fetching customer by document number
2025-12-01 22:36:03.117 [reactor-http-nio-3] DEBUG c.b.customer.service.CustomerService - Finding customer by document number: 12345678
2025-12-01 22:36:03.117 [reactor-http-nio-3] DEBUG o.s.d.m.r.query.MongoQueryCreator - Created query Query: { "documentNumber" : "12345678"}, Fields: {}, Sort: {}
2025-12-01 22:36:03.118 [reactor-http-nio-3] DEBUG o.s.d.m.core.ReactiveMongoTemplate - find using query: { "documentNumber" : "12345678"} fields: Document{{}} for class: class com.bank.customer.model.entity.Customer in collection: customers
2025-12-01 22:36:03.120 [nioEventLoopGroup-3-3] DEBUG c.b.customer.service.CustomerService - Customer found with document number: 12345678
2025-12-01 22:36:15.893 [reactor-http-nio-3] INFO  c.b.c.controller.CustomerController - POST /api/customers - Creating customer
2025-12-01 22:36:15.893 [reactor-http-nio-3] DEBUG c.b.customer.service.CustomerService - Creating customer with document number: 12345678
2025-12-01 22:36:15.893 [reactor-http-nio-3] DEBUG o.s.d.m.r.query.MongoQueryCreator - Created query Query: { "documentNumber" : "12345678"}, Fields: {}, Sort: {}
2025-12-01 22:36:15.894 [reactor-http-nio-3] DEBUG o.s.d.m.core.ReactiveMongoTemplate - exists: { "documentNumber" : "12345678"} in collection: customers
2025-12-01 22:36:15.896 [nioEventLoopGroup-3-3] WARN  c.b.customer.service.CustomerService - Customer already exists with document number: 12345678
2025-12-01 22:36:15.900 [nioEventLoopGroup-3-3] ERROR c.b.c.e.GlobalExceptionHandler - Customer already exists: Customer already exists with document number: 12345678
2025-12-01 22:43:05.301 [reactor-http-nio-5] INFO  c.b.c.controller.CustomerController - POST /api/customers - Creating customer
2025-12-01 22:43:05.301 [reactor-http-nio-5] DEBUG c.b.customer.service.CustomerService - Creating customer with document number: 12345679
2025-12-01 22:43:05.302 [reactor-http-nio-5] DEBUG o.s.d.m.r.query.MongoQueryCreator - Created query Query: { "documentNumber" : "12345679"}, Fields: {}, Sort: {}
2025-12-01 22:43:05.302 [reactor-http-nio-5] DEBUG o.s.d.m.core.ReactiveMongoTemplate - exists: { "documentNumber" : "12345679"} in collection: customers
2025-12-01 22:43:05.305 [nioEventLoopGroup-3-3] DEBUG o.s.d.m.core.ReactiveMongoTemplate - Inserting Document containing fields: [customerType, documentNumber, firstName, lastName, email, phoneNumber, address, createdAt, _class] in collection: customers
2025-12-01 22:43:05.306 [nioEventLoopGroup-3-3] INFO  c.b.customer.service.CustomerService - Customer created successfully with id: 692e604976612561df8ef487
2025-12-01 22:43:15.244 [reactor-http-nio-5] INFO  c.b.c.controller.CustomerController - DELETE /api/customers/692e604976612561df8ef487 - Deleting customer
2025-12-01 22:43:15.244 [reactor-http-nio-5] DEBUG c.b.customer.service.CustomerService - Deleting customer with id: 692e604976612561df8ef487
2025-12-01 22:43:15.244 [reactor-http-nio-5] DEBUG o.s.d.m.core.ReactiveMongoTemplate - findOne using query: { "id" : "692e604976612561df8ef487"} fields: Document{{}} for class: class com.bank.customer.model.entity.Customer in collection: customers
2025-12-01 22:43:15.249 [nioEventLoopGroup-3-3] DEBUG o.s.d.m.core.ReactiveMongoTemplate - Remove using query: { "_id" : { "$oid" : "692e604976612561df8ef487"}} in collection: customers.
2025-12-01 22:43:15.257 [nioEventLoopGroup-3-3] INFO  c.b.customer.service.CustomerService - Customer deleted successfully with id: 692e604976612561df8ef487
2025-12-01 22:43:18.083 [reactor-http-nio-5] INFO  c.b.c.controller.CustomerController - GET /api/customers - Fetching all customers
2025-12-01 22:43:18.083 [reactor-http-nio-5] DEBUG c.b.customer.service.CustomerService - Finding all customers
2025-12-01 22:43:18.083 [reactor-http-nio-5] DEBUG o.s.d.m.core.ReactiveMongoTemplate - find using query: {} fields: Document{{}} for class: class com.bank.customer.model.entity.Customer in collection: customers
2025-12-01 22:43:18.086 [reactor-http-nio-5] DEBUG c.b.customer.service.CustomerService - Retrieved all customers
2025-12-01 22:43:19.851 [reactor-http-nio-5] INFO  c.b.c.controller.CustomerController - GET /api/customers - Fetching all customers
2025-12-01 22:43:19.851 [reactor-http-nio-5] DEBUG c.b.customer.service.CustomerService - Finding all customers
2025-12-01 22:43:19.851 [reactor-http-nio-5] DEBUG o.s.d.m.core.ReactiveMongoTemplate - find using query: {} fields: Document{{}} for class: class com.bank.customer.model.entity.Customer in collection: customers
2025-12-01 22:43:19.854 [reactor-http-nio-5] DEBUG c.b.customer.service.CustomerService - Retrieved all customers
2025-12-01 22:43:20.705 [reactor-http-nio-5] INFO  c.b.c.controller.CustomerController - GET /api/customers - Fetching all customers
2025-12-01 22:43:20.705 [reactor-http-nio-5] DEBUG c.b.customer.service.CustomerService - Finding all customers
2025-12-01 22:43:20.706 [reactor-http-nio-5] DEBUG o.s.d.m.core.ReactiveMongoTemplate - find using query: {} fields: Document{{}} for class: class com.bank.customer.model.entity.Customer in collection: customers
2025-12-01 22:43:20.709 [reactor-http-nio-5] DEBUG c.b.customer.service.CustomerService - Retrieved all customers
2025-12-01 23:08:35.889 [SpringApplicationShutdownHook] INFO  o.s.b.w.e.netty.GracefulShutdown - Commencing graceful shutdown. Waiting for active requests to complete
2025-12-01 23:08:35.890 [netty-shutdown] INFO  o.s.b.w.e.netty.GracefulShutdown - Graceful shutdown complete
