2025-12-02 01:31:23.995 [background-preinit] INFO  o.h.validator.internal.util.Version - HV000001: Hibernate Validator 8.0.3.Final
2025-12-02 01:31:24.042 [main] INFO  c.bank.customer.CustomerApplication - Starting CustomerApplication using Java 17.0.6 with PID 12580 (C:\Users\Jeanso\Documents\NTT-PROYECTOS\Proyecto_final\customer\target\classes started by Jeanso in C:\Users\Jeanso\Documents\NTT-PROYECTOS\Proyecto_final\customer)
2025-12-02 01:31:24.043 [main] DEBUG c.bank.customer.CustomerApplication - Running with Spring Boot v3.4.12, Spring v6.2.14
2025-12-02 01:31:24.044 [main] INFO  c.bank.customer.CustomerApplication - No active profile set, falling back to 1 default profile: "default"
2025-12-02 01:31:24.454 [main] INFO  o.s.d.r.c.RepositoryConfigurationDelegate - Bootstrapping Spring Data Reactive MongoDB repositories in DEFAULT mode.
2025-12-02 01:31:24.553 [main] INFO  o.s.d.r.c.RepositoryConfigurationDelegate - Finished Spring Data repository scanning in 94 ms. Found 1 Reactive MongoDB repository interface.
2025-12-02 01:31:24.611 [main] INFO  o.s.cloud.context.scope.GenericScope - BeanFactory id=8c11c781-1b4b-3bbd-a703-def16a63e0a5
2025-12-02 01:31:24.978 [main] INFO  org.mongodb.driver.client - MongoClient with metadata {"driver": {"name": "mongo-java-driver|reactive-streams|spring-boot", "version": "5.2.1"}, "os": {"type": "Windows", "name": "Windows 10", "architecture": "amd64", "version": "10.0"}, "platform": "Java/Oracle Corporation/17.0.6+9-LTS-190"} created with settings MongoClientSettings{readPreference=primary, writeConcern=WriteConcern{w=null, wTimeout=null ms, journal=null}, retryWrites=true, retryReads=true, readConcern=ReadConcern{level=null}, credential=null, transportSettings=NettyTransportSettings{eventLoopGroup=io.netty.channel.nio.NioEventLoopGroup@8054fe2, socketChannelClass=null, allocator=null, sslContext=null}, commandListeners=[], codecRegistry=ProvidersCodecRegistry{codecProviders=[ValueCodecProvider{}, BsonValueCodecProvider{}, DBRefCodecProvider{}, DBObjectCodecProvider{}, DocumentCodecProvider{}, CollectionCodecProvider{}, IterableCodecProvider{}, MapCodecProvider{}, GeoJsonCodecProvider{}, GridFSFileCodecProvider{}, Jsr310CodecProvider{}, JsonObjectCodecProvider{}, BsonCodecProvider{}, EnumCodecProvider{}, com.mongodb.client.model.mql.ExpressionCodecProvider@1e3f0aea, com.mongodb.Jep395RecordCodecProvider@48268eec, com.mongodb.KotlinCodecProvider@69a024a0]}, loggerSettings=LoggerSettings{maxDocumentLength=1000}, clusterSettings={hosts=[localhost:27017], srvServiceName=mongodb, mode=SINGLE, requiredClusterType=UNKNOWN, requiredReplicaSetName='null', serverSelector='null', clusterListeners='[]', serverSelectionTimeout='30000 ms', localThreshold='15 ms'}, socketSettings=SocketSettings{connectTimeoutMS=10000, readTimeoutMS=0, receiveBufferSize=0, proxySettings=ProxySettings{host=null, port=null, username=null, password=null}}, heartbeatSocketSettings=SocketSettings{connectTimeoutMS=10000, readTimeoutMS=10000, receiveBufferSize=0, proxySettings=ProxySettings{host=null, port=null, username=null, password=null}}, connectionPoolSettings=ConnectionPoolSettings{maxSize=100, minSize=0, maxWaitTimeMS=120000, maxConnectionLifeTimeMS=0, maxConnectionIdleTimeMS=0, maintenanceInitialDelayMS=0, maintenanceFrequencyMS=60000, connectionPoolListeners=[], maxConnecting=2}, serverSettings=ServerSettings{heartbeatFrequencyMS=10000, minHeartbeatFrequencyMS=500, serverMonitoringMode=AUTO, serverListeners='[]', serverMonitorListeners='[]'}, sslSettings=SslSettings{enabled=false, invalidHostNameAllowed=false, context=null}, applicationName='null', compressorList=[], uuidRepresentation=JAVA_LEGACY, serverApi=null, autoEncryptionSettings=null, dnsClient=null, inetAddressResolver=null, contextProvider=null, timeoutMS=null}
2025-12-02 01:31:25.059 [cluster-ClusterId{value='692e87bc23a26d149b638757', description='null'}-localhost:27017] INFO  org.mongodb.driver.cluster - Monitor thread successfully connected to server with description ServerDescription{address=localhost:27017, type=STANDALONE, cryptd=false, state=CONNECTED, ok=true, minWireVersion=0, maxWireVersion=27, maxDocumentSize=16777216, logicalSessionTimeoutMinutes=30, roundTripTimeNanos=36181300, minRoundTripTimeNanos=0}
2025-12-02 01:31:25.620 [main] INFO  o.s.b.w.e.netty.NettyWebServer - Netty started on port 8081 (http)
2025-12-02 01:31:25.757 [main] INFO  c.bank.customer.CustomerApplication - Started CustomerApplication in 2.185 seconds (process running for 2.59)
2025-12-02 01:41:44.461 [reactor-http-nio-2] INFO  c.b.c.controller.CustomerController - GET /api/customers/692e5e3f76612561df8ef485 - Fetching customer by id
2025-12-02 01:41:44.462 [reactor-http-nio-2] DEBUG c.b.customer.service.CustomerService - Finding customer by id: 692e5e3f76612561df8ef485
2025-12-02 01:41:44.473 [reactor-http-nio-2] DEBUG o.s.d.m.core.ReactiveMongoTemplate - findOne using query: { "id" : "692e5e3f76612561df8ef485"} fields: Document{{}} for class: class com.bank.customer.model.entity.Customer in collection: customers
2025-12-02 01:41:44.553 [nioEventLoopGroup-3-3] DEBUG c.b.customer.service.CustomerService - Customer found with id: 692e5e3f76612561df8ef485
2025-12-02 01:42:13.020 [reactor-http-nio-2] INFO  c.b.c.controller.CustomerController - GET /api/customers/692e5e3f76612561df8ef485 - Fetching customer by id
2025-12-02 01:42:13.020 [reactor-http-nio-2] DEBUG c.b.customer.service.CustomerService - Finding customer by id: 692e5e3f76612561df8ef485
2025-12-02 01:42:13.021 [reactor-http-nio-2] DEBUG o.s.d.m.core.ReactiveMongoTemplate - findOne using query: { "id" : "692e5e3f76612561df8ef485"} fields: Document{{}} for class: class com.bank.customer.model.entity.Customer in collection: customers
2025-12-02 01:42:13.024 [nioEventLoopGroup-3-3] DEBUG c.b.customer.service.CustomerService - Customer found with id: 692e5e3f76612561df8ef485
2025-12-02 01:42:42.515 [reactor-http-nio-2] INFO  c.b.c.controller.CustomerController - GET /api/customers/692e5e3f76612561df8ef485 - Fetching customer by id
2025-12-02 01:42:42.515 [reactor-http-nio-2] DEBUG c.b.customer.service.CustomerService - Finding customer by id: 692e5e3f76612561df8ef485
2025-12-02 01:42:42.515 [reactor-http-nio-2] DEBUG o.s.d.m.core.ReactiveMongoTemplate - findOne using query: { "id" : "692e5e3f76612561df8ef485"} fields: Document{{}} for class: class com.bank.customer.model.entity.Customer in collection: customers
2025-12-02 01:42:42.517 [nioEventLoopGroup-3-3] DEBUG c.b.customer.service.CustomerService - Customer found with id: 692e5e3f76612561df8ef485
2025-12-02 01:45:48.721 [reactor-http-nio-2] INFO  c.b.c.controller.CustomerController - GET /api/customers/692e5e3f76612561df8ef485 - Fetching customer by id
2025-12-02 01:45:48.721 [reactor-http-nio-2] DEBUG c.b.customer.service.CustomerService - Finding customer by id: 692e5e3f76612561df8ef485
2025-12-02 01:45:48.721 [reactor-http-nio-2] DEBUG o.s.d.m.core.ReactiveMongoTemplate - findOne using query: { "id" : "692e5e3f76612561df8ef485"} fields: Document{{}} for class: class com.bank.customer.model.entity.Customer in collection: customers
2025-12-02 01:45:48.723 [nioEventLoopGroup-3-3] DEBUG c.b.customer.service.CustomerService - Customer found with id: 692e5e3f76612561df8ef485
2025-12-02 01:48:33.439 [reactor-http-nio-2] INFO  c.b.c.controller.CustomerController - GET /api/customers/692e5e5076612561df8ef486 - Fetching customer by id
2025-12-02 01:48:33.439 [reactor-http-nio-2] DEBUG c.b.customer.service.CustomerService - Finding customer by id: 692e5e5076612561df8ef486
2025-12-02 01:48:33.440 [reactor-http-nio-2] DEBUG o.s.d.m.core.ReactiveMongoTemplate - findOne using query: { "id" : "692e5e5076612561df8ef486"} fields: Document{{}} for class: class com.bank.customer.model.entity.Customer in collection: customers
2025-12-02 01:48:33.442 [nioEventLoopGroup-3-3] DEBUG c.b.customer.service.CustomerService - Customer found with id: 692e5e5076612561df8ef486
2025-12-02 02:03:03.950 [SpringApplicationShutdownHook] INFO  o.s.b.w.e.netty.GracefulShutdown - Commencing graceful shutdown. Waiting for active requests to complete
2025-12-02 02:03:03.951 [netty-shutdown] INFO  o.s.b.w.e.netty.GracefulShutdown - Graceful shutdown complete
2025-12-02 02:21:56.552 [background-preinit] INFO  o.h.validator.internal.util.Version - HV000001: Hibernate Validator 8.0.3.Final
2025-12-02 02:21:56.601 [main] INFO  c.bank.customer.CustomerApplication - Starting CustomerApplication using Java 17.0.6 with PID 21264 (C:\Users\Jeanso\Documents\NTT-PROYECTOS\Proyecto_final\customer\target\classes started by Jeanso in C:\Users\Jeanso\Documents\NTT-PROYECTOS\Proyecto_final\customer)
2025-12-02 02:21:56.602 [main] DEBUG c.bank.customer.CustomerApplication - Running with Spring Boot v3.4.12, Spring v6.2.14
2025-12-02 02:21:56.603 [main] INFO  c.bank.customer.CustomerApplication - No active profile set, falling back to 1 default profile: "default"
2025-12-02 02:21:57.105 [main] INFO  o.s.d.r.c.RepositoryConfigurationDelegate - Bootstrapping Spring Data Reactive MongoDB repositories in DEFAULT mode.
2025-12-02 02:21:57.202 [main] INFO  o.s.d.r.c.RepositoryConfigurationDelegate - Finished Spring Data repository scanning in 92 ms. Found 1 Reactive MongoDB repository interface.
2025-12-02 02:21:57.280 [main] INFO  o.s.cloud.context.scope.GenericScope - BeanFactory id=8c11c781-1b4b-3bbd-a703-def16a63e0a5
2025-12-02 02:21:57.688 [main] INFO  org.mongodb.driver.client - MongoClient with metadata {"driver": {"name": "mongo-java-driver|reactive-streams|spring-boot", "version": "5.2.1"}, "os": {"type": "Windows", "name": "Windows 10", "architecture": "amd64", "version": "10.0"}, "platform": "Java/Oracle Corporation/17.0.6+9-LTS-190"} created with settings MongoClientSettings{readPreference=primary, writeConcern=WriteConcern{w=null, wTimeout=null ms, journal=null}, retryWrites=true, retryReads=true, readConcern=ReadConcern{level=null}, credential=null, transportSettings=NettyTransportSettings{eventLoopGroup=io.netty.channel.nio.NioEventLoopGroup@7fdd43cd, socketChannelClass=null, allocator=null, sslContext=null}, commandListeners=[], codecRegistry=ProvidersCodecRegistry{codecProviders=[ValueCodecProvider{}, BsonValueCodecProvider{}, DBRefCodecProvider{}, DBObjectCodecProvider{}, DocumentCodecProvider{}, CollectionCodecProvider{}, IterableCodecProvider{}, MapCodecProvider{}, GeoJsonCodecProvider{}, GridFSFileCodecProvider{}, Jsr310CodecProvider{}, JsonObjectCodecProvider{}, BsonCodecProvider{}, EnumCodecProvider{}, com.mongodb.client.model.mql.ExpressionCodecProvider@3a38f122, com.mongodb.Jep395RecordCodecProvider@2ce03e86, com.mongodb.KotlinCodecProvider@1c628f6a]}, loggerSettings=LoggerSettings{maxDocumentLength=1000}, clusterSettings={hosts=[localhost:27017], srvServiceName=mongodb, mode=SINGLE, requiredClusterType=UNKNOWN, requiredReplicaSetName='null', serverSelector='null', clusterListeners='[]', serverSelectionTimeout='30000 ms', localThreshold='15 ms'}, socketSettings=SocketSettings{connectTimeoutMS=10000, readTimeoutMS=0, receiveBufferSize=0, proxySettings=ProxySettings{host=null, port=null, username=null, password=null}}, heartbeatSocketSettings=SocketSettings{connectTimeoutMS=10000, readTimeoutMS=10000, receiveBufferSize=0, proxySettings=ProxySettings{host=null, port=null, username=null, password=null}}, connectionPoolSettings=ConnectionPoolSettings{maxSize=100, minSize=0, maxWaitTimeMS=120000, maxConnectionLifeTimeMS=0, maxConnectionIdleTimeMS=0, maintenanceInitialDelayMS=0, maintenanceFrequencyMS=60000, connectionPoolListeners=[], maxConnecting=2}, serverSettings=ServerSettings{heartbeatFrequencyMS=10000, minHeartbeatFrequencyMS=500, serverMonitoringMode=AUTO, serverListeners='[]', serverMonitorListeners='[]'}, sslSettings=SslSettings{enabled=false, invalidHostNameAllowed=false, context=null}, applicationName='null', compressorList=[], uuidRepresentation=JAVA_LEGACY, serverApi=null, autoEncryptionSettings=null, dnsClient=null, inetAddressResolver=null, contextProvider=null, timeoutMS=null}
2025-12-02 02:21:57.790 [cluster-ClusterId{value='692e9395ca47ac1646bda3f9', description='null'}-localhost:27017] INFO  org.mongodb.driver.cluster - Monitor thread successfully connected to server with description ServerDescription{address=localhost:27017, type=STANDALONE, cryptd=false, state=CONNECTED, ok=true, minWireVersion=0, maxWireVersion=27, maxDocumentSize=16777216, logicalSessionTimeoutMinutes=30, roundTripTimeNanos=41988900, minRoundTripTimeNanos=0}
2025-12-02 02:21:58.399 [main] INFO  o.s.b.w.e.netty.NettyWebServer - Netty started on port 8081 (http)
2025-12-02 02:21:58.675 [main] INFO  c.bank.customer.CustomerApplication - Started CustomerApplication in 2.537 seconds (process running for 2.985)
2025-12-02 02:26:09.233 [reactor-http-nio-2] INFO  c.b.c.controller.CustomerController - GET /api/customers/{{customerId}} - Fetching customer by id
2025-12-02 02:26:09.233 [reactor-http-nio-2] DEBUG c.b.customer.service.CustomerService - Finding customer by id: {{customerId}}
2025-12-02 02:26:09.244 [reactor-http-nio-2] DEBUG o.s.d.m.core.ReactiveMongoTemplate - findOne using query: { "id" : "{{customerId}}"} fields: Document{{}} for class: class com.bank.customer.model.entity.Customer in collection: customers
2025-12-02 02:26:09.305 [nioEventLoopGroup-3-3] ERROR c.b.c.e.GlobalExceptionHandler - Customer not found: Customer not found with id: {{customerId}}
2025-12-02 02:26:27.179 [reactor-http-nio-2] INFO  c.b.c.controller.CustomerController - GET /api/customers/692e5e3f76612561df8ef485 - Fetching customer by id
2025-12-02 02:26:27.179 [reactor-http-nio-2] DEBUG c.b.customer.service.CustomerService - Finding customer by id: 692e5e3f76612561df8ef485
2025-12-02 02:26:27.179 [reactor-http-nio-2] DEBUG o.s.d.m.core.ReactiveMongoTemplate - findOne using query: { "id" : "692e5e3f76612561df8ef485"} fields: Document{{}} for class: class com.bank.customer.model.entity.Customer in collection: customers
2025-12-02 02:26:27.203 [nioEventLoopGroup-3-3] DEBUG c.b.customer.service.CustomerService - Customer found with id: 692e5e3f76612561df8ef485
2025-12-02 02:27:06.768 [reactor-http-nio-2] INFO  c.b.c.controller.CustomerController - GET /api/customers/692e5e5076612561df8ef486 - Fetching customer by id
2025-12-02 02:27:06.768 [reactor-http-nio-2] DEBUG c.b.customer.service.CustomerService - Finding customer by id: 692e5e5076612561df8ef486
2025-12-02 02:27:06.769 [reactor-http-nio-2] DEBUG o.s.d.m.core.ReactiveMongoTemplate - findOne using query: { "id" : "692e5e5076612561df8ef486"} fields: Document{{}} for class: class com.bank.customer.model.entity.Customer in collection: customers
2025-12-02 02:27:06.771 [nioEventLoopGroup-3-3] DEBUG c.b.customer.service.CustomerService - Customer found with id: 692e5e5076612561df8ef486
2025-12-02 02:27:46.233 [reactor-http-nio-2] INFO  c.b.c.controller.CustomerController - GET /api/customers/692e5e3f76612561df8ef485 - Fetching customer by id
2025-12-02 02:27:46.234 [reactor-http-nio-2] DEBUG c.b.customer.service.CustomerService - Finding customer by id: 692e5e3f76612561df8ef485
2025-12-02 02:27:46.234 [reactor-http-nio-2] DEBUG o.s.d.m.core.ReactiveMongoTemplate - findOne using query: { "id" : "692e5e3f76612561df8ef485"} fields: Document{{}} for class: class com.bank.customer.model.entity.Customer in collection: customers
2025-12-02 02:27:46.236 [nioEventLoopGroup-3-3] DEBUG c.b.customer.service.CustomerService - Customer found with id: 692e5e3f76612561df8ef485
2025-12-02 02:27:56.817 [reactor-http-nio-2] INFO  c.b.c.controller.CustomerController - GET /api/customers/692e5e5076612561df8ef486 - Fetching customer by id
2025-12-02 02:27:56.817 [reactor-http-nio-2] DEBUG c.b.customer.service.CustomerService - Finding customer by id: 692e5e5076612561df8ef486
2025-12-02 02:27:56.818 [reactor-http-nio-2] DEBUG o.s.d.m.core.ReactiveMongoTemplate - findOne using query: { "id" : "692e5e5076612561df8ef486"} fields: Document{{}} for class: class com.bank.customer.model.entity.Customer in collection: customers
2025-12-02 02:27:56.820 [nioEventLoopGroup-3-3] DEBUG c.b.customer.service.CustomerService - Customer found with id: 692e5e5076612561df8ef486
2025-12-02 02:31:52.154 [reactor-http-nio-2] INFO  c.b.c.controller.CustomerController - GET /api/customers/692e5e3f76612561df8ef485 - Fetching customer by id
2025-12-02 02:31:52.154 [reactor-http-nio-2] DEBUG c.b.customer.service.CustomerService - Finding customer by id: 692e5e3f76612561df8ef485
2025-12-02 02:31:52.155 [reactor-http-nio-2] DEBUG o.s.d.m.core.ReactiveMongoTemplate - findOne using query: { "id" : "692e5e3f76612561df8ef485"} fields: Document{{}} for class: class com.bank.customer.model.entity.Customer in collection: customers
2025-12-02 02:31:52.157 [nioEventLoopGroup-3-3] DEBUG c.b.customer.service.CustomerService - Customer found with id: 692e5e3f76612561df8ef485
2025-12-02 02:32:07.891 [reactor-http-nio-2] INFO  c.b.c.controller.CustomerController - GET /api/customers/692e5e5076612561df8ef486 - Fetching customer by id
2025-12-02 02:32:07.891 [reactor-http-nio-2] DEBUG c.b.customer.service.CustomerService - Finding customer by id: 692e5e5076612561df8ef486
2025-12-02 02:32:07.891 [reactor-http-nio-2] DEBUG o.s.d.m.core.ReactiveMongoTemplate - findOne using query: { "id" : "692e5e5076612561df8ef486"} fields: Document{{}} for class: class com.bank.customer.model.entity.Customer in collection: customers
2025-12-02 02:32:07.893 [nioEventLoopGroup-3-3] DEBUG c.b.customer.service.CustomerService - Customer found with id: 692e5e5076612561df8ef486
2025-12-02 03:18:41.830 [SpringApplicationShutdownHook] INFO  o.s.b.w.e.netty.GracefulShutdown - Commencing graceful shutdown. Waiting for active requests to complete
2025-12-02 03:18:41.832 [netty-shutdown] INFO  o.s.b.w.e.netty.GracefulShutdown - Graceful shutdown complete
2025-12-02 11:31:21.201 [background-preinit] INFO  o.h.validator.internal.util.Version - HV000001: Hibernate Validator 8.0.3.Final
2025-12-02 11:31:21.239 [main] INFO  c.bank.customer.CustomerApplication - Starting CustomerApplication using Java 17.0.6 with PID 18272 (C:\Users\Jeanso\Documents\NTT-PROYECTOS\Proyecto_final\customer\target\classes started by Jeanso in C:\Users\Jeanso\Documents\NTT-PROYECTOS\Proyecto_final\customer)
2025-12-02 11:31:21.240 [main] DEBUG c.bank.customer.CustomerApplication - Running with Spring Boot v3.4.12, Spring v6.2.14
2025-12-02 11:31:21.240 [main] INFO  c.bank.customer.CustomerApplication - No active profile set, falling back to 1 default profile: "default"
2025-12-02 11:31:21.269 [main] INFO  o.s.c.c.c.ConfigServerConfigDataLoader - Fetching config from server at : http://localhost:8888
2025-12-02 11:31:21.269 [main] INFO  o.s.c.c.c.ConfigServerConfigDataLoader - Located environment: name=application, profiles=[default], label=null, version=null, state=null
2025-12-02 11:31:21.652 [main] INFO  o.s.d.r.c.RepositoryConfigurationDelegate - Bootstrapping Spring Data Reactive MongoDB repositories in DEFAULT mode.
2025-12-02 11:31:21.751 [main] INFO  o.s.d.r.c.RepositoryConfigurationDelegate - Finished Spring Data repository scanning in 94 ms. Found 1 Reactive MongoDB repository interface.
2025-12-02 11:31:21.815 [main] INFO  o.s.cloud.context.scope.GenericScope - BeanFactory id=6bc146df-6144-3380-a7ad-b0c6c29ef6c1
2025-12-02 11:31:22.528 [main] INFO  org.mongodb.driver.client - MongoClient with metadata {"driver": {"name": "mongo-java-driver|reactive-streams|spring-boot", "version": "5.2.1"}, "os": {"type": "Windows", "name": "Windows 10", "architecture": "amd64", "version": "10.0"}, "platform": "Java/Oracle Corporation/17.0.6+9-LTS-190"} created with settings MongoClientSettings{readPreference=primary, writeConcern=WriteConcern{w=null, wTimeout=null ms, journal=null}, retryWrites=true, retryReads=true, readConcern=ReadConcern{level=null}, credential=null, transportSettings=NettyTransportSettings{eventLoopGroup=io.netty.channel.nio.NioEventLoopGroup@7345f97d, socketChannelClass=null, allocator=null, sslContext=null}, commandListeners=[], codecRegistry=ProvidersCodecRegistry{codecProviders=[ValueCodecProvider{}, BsonValueCodecProvider{}, DBRefCodecProvider{}, DBObjectCodecProvider{}, DocumentCodecProvider{}, CollectionCodecProvider{}, IterableCodecProvider{}, MapCodecProvider{}, GeoJsonCodecProvider{}, GridFSFileCodecProvider{}, Jsr310CodecProvider{}, JsonObjectCodecProvider{}, BsonCodecProvider{}, EnumCodecProvider{}, com.mongodb.client.model.mql.ExpressionCodecProvider@554566a8, com.mongodb.Jep395RecordCodecProvider@66020d69, com.mongodb.KotlinCodecProvider@3751acd7]}, loggerSettings=LoggerSettings{maxDocumentLength=1000}, clusterSettings={hosts=[localhost:27017], srvServiceName=mongodb, mode=SINGLE, requiredClusterType=UNKNOWN, requiredReplicaSetName='null', serverSelector='null', clusterListeners='[]', serverSelectionTimeout='30000 ms', localThreshold='15 ms'}, socketSettings=SocketSettings{connectTimeoutMS=10000, readTimeoutMS=0, receiveBufferSize=0, proxySettings=ProxySettings{host=null, port=null, username=null, password=null}}, heartbeatSocketSettings=SocketSettings{connectTimeoutMS=10000, readTimeoutMS=10000, receiveBufferSize=0, proxySettings=ProxySettings{host=null, port=null, username=null, password=null}}, connectionPoolSettings=ConnectionPoolSettings{maxSize=100, minSize=0, maxWaitTimeMS=120000, maxConnectionLifeTimeMS=0, maxConnectionIdleTimeMS=0, maintenanceInitialDelayMS=0, maintenanceFrequencyMS=60000, connectionPoolListeners=[], maxConnecting=2}, serverSettings=ServerSettings{heartbeatFrequencyMS=10000, minHeartbeatFrequencyMS=500, serverMonitoringMode=AUTO, serverListeners='[]', serverMonitorListeners='[]'}, sslSettings=SslSettings{enabled=false, invalidHostNameAllowed=false, context=null}, applicationName='null', compressorList=[], uuidRepresentation=JAVA_LEGACY, serverApi=null, autoEncryptionSettings=null, dnsClient=null, inetAddressResolver=null, contextProvider=null, timeoutMS=null}
2025-12-02 11:31:22.624 [cluster-ClusterId{value='692f145a4b16d160d6c9f2fe', description='null'}-localhost:27017] INFO  org.mongodb.driver.cluster - Monitor thread successfully connected to server with description ServerDescription{address=localhost:27017, type=STANDALONE, cryptd=false, state=CONNECTED, ok=true, minWireVersion=0, maxWireVersion=27, maxDocumentSize=16777216, logicalSessionTimeoutMinutes=30, roundTripTimeNanos=42809500, minRoundTripTimeNanos=0}
2025-12-02 11:31:23.681 [main] INFO  o.s.b.w.e.netty.NettyWebServer - Netty started on port 8080 (http)
2025-12-02 11:31:23.806 [main] INFO  c.bank.customer.CustomerApplication - Started CustomerApplication in 3.311 seconds (process running for 3.698)
2025-12-02 12:08:31.199 [SpringApplicationShutdownHook] INFO  o.s.b.w.e.netty.GracefulShutdown - Commencing graceful shutdown. Waiting for active requests to complete
2025-12-02 12:08:31.201 [netty-shutdown] INFO  o.s.b.w.e.netty.GracefulShutdown - Graceful shutdown complete
2025-12-02 12:08:37.511 [background-preinit] INFO  o.h.validator.internal.util.Version - HV000001: Hibernate Validator 8.0.3.Final
2025-12-02 12:08:37.548 [main] INFO  c.bank.customer.CustomerApplication - Starting CustomerApplication using Java 17.0.6 with PID 19756 (C:\Users\Jeanso\Documents\NTT-PROYECTOS\Proyecto_final\customer\target\classes started by Jeanso in C:\Users\Jeanso\Documents\NTT-PROYECTOS\Proyecto_final\customer)
2025-12-02 12:08:37.548 [main] DEBUG c.bank.customer.CustomerApplication - Running with Spring Boot v3.4.12, Spring v6.2.14
2025-12-02 12:08:37.549 [main] INFO  c.bank.customer.CustomerApplication - No active profile set, falling back to 1 default profile: "default"
2025-12-02 12:08:37.577 [main] INFO  o.s.c.c.c.ConfigServerConfigDataLoader - Fetching config from server at : http://localhost:8888
2025-12-02 12:08:37.577 [main] INFO  o.s.c.c.c.ConfigServerConfigDataLoader - Located environment: name=customer, profiles=[default], label=null, version=null, state=null
2025-12-02 12:08:37.934 [main] INFO  o.s.d.r.c.RepositoryConfigurationDelegate - Bootstrapping Spring Data Reactive MongoDB repositories in DEFAULT mode.
2025-12-02 12:08:38.021 [main] INFO  o.s.d.r.c.RepositoryConfigurationDelegate - Finished Spring Data repository scanning in 81 ms. Found 1 Reactive MongoDB repository interface.
2025-12-02 12:08:38.075 [main] INFO  o.s.cloud.context.scope.GenericScope - BeanFactory id=6bc146df-6144-3380-a7ad-b0c6c29ef6c1
2025-12-02 12:08:38.446 [main] INFO  org.mongodb.driver.client - MongoClient with metadata {"driver": {"name": "mongo-java-driver|reactive-streams|spring-boot", "version": "5.2.1"}, "os": {"type": "Windows", "name": "Windows 10", "architecture": "amd64", "version": "10.0"}, "platform": "Java/Oracle Corporation/17.0.6+9-LTS-190"} created with settings MongoClientSettings{readPreference=primary, writeConcern=WriteConcern{w=null, wTimeout=null ms, journal=null}, retryWrites=true, retryReads=true, readConcern=ReadConcern{level=null}, credential=null, transportSettings=NettyTransportSettings{eventLoopGroup=io.netty.channel.nio.NioEventLoopGroup@17176b18, socketChannelClass=null, allocator=null, sslContext=null}, commandListeners=[], codecRegistry=ProvidersCodecRegistry{codecProviders=[ValueCodecProvider{}, BsonValueCodecProvider{}, DBRefCodecProvider{}, DBObjectCodecProvider{}, DocumentCodecProvider{}, CollectionCodecProvider{}, IterableCodecProvider{}, MapCodecProvider{}, GeoJsonCodecProvider{}, GridFSFileCodecProvider{}, Jsr310CodecProvider{}, JsonObjectCodecProvider{}, BsonCodecProvider{}, EnumCodecProvider{}, com.mongodb.client.model.mql.ExpressionCodecProvider@4e4395c, com.mongodb.Jep395RecordCodecProvider@1ab53860, com.mongodb.KotlinCodecProvider@7b5ac347]}, loggerSettings=LoggerSettings{maxDocumentLength=1000}, clusterSettings={hosts=[localhost:27017], srvServiceName=mongodb, mode=SINGLE, requiredClusterType=UNKNOWN, requiredReplicaSetName='null', serverSelector='null', clusterListeners='[]', serverSelectionTimeout='30000 ms', localThreshold='15 ms'}, socketSettings=SocketSettings{connectTimeoutMS=10000, readTimeoutMS=0, receiveBufferSize=0, proxySettings=ProxySettings{host=null, port=null, username=null, password=null}}, heartbeatSocketSettings=SocketSettings{connectTimeoutMS=10000, readTimeoutMS=10000, receiveBufferSize=0, proxySettings=ProxySettings{host=null, port=null, username=null, password=null}}, connectionPoolSettings=ConnectionPoolSettings{maxSize=100, minSize=0, maxWaitTimeMS=120000, maxConnectionLifeTimeMS=0, maxConnectionIdleTimeMS=0, maintenanceInitialDelayMS=0, maintenanceFrequencyMS=60000, connectionPoolListeners=[], maxConnecting=2}, serverSettings=ServerSettings{heartbeatFrequencyMS=10000, minHeartbeatFrequencyMS=500, serverMonitoringMode=AUTO, serverListeners='[]', serverMonitorListeners='[]'}, sslSettings=SslSettings{enabled=false, invalidHostNameAllowed=false, context=null}, applicationName='null', compressorList=[], uuidRepresentation=JAVA_LEGACY, serverApi=null, autoEncryptionSettings=null, dnsClient=null, inetAddressResolver=null, contextProvider=null, timeoutMS=null}
2025-12-02 12:08:38.526 [cluster-ClusterId{value='692f1d16bb1bda34265540be', description='null'}-localhost:27017] INFO  org.mongodb.driver.cluster - Monitor thread successfully connected to server with description ServerDescription{address=localhost:27017, type=STANDALONE, cryptd=false, state=CONNECTED, ok=true, minWireVersion=0, maxWireVersion=27, maxDocumentSize=16777216, logicalSessionTimeoutMinutes=30, roundTripTimeNanos=32217600, minRoundTripTimeNanos=0}
2025-12-02 12:08:39.036 [main] INFO  o.s.b.w.e.netty.NettyWebServer - Netty started on port 8081 (http)
2025-12-02 12:08:39.158 [main] INFO  c.bank.customer.CustomerApplication - Started CustomerApplication in 2.41 seconds (process running for 2.911)
2025-12-02 12:08:50.115 [reactor-http-nio-3] INFO  c.b.c.controller.CustomerController - GET /api/customers - Fetching all customers
2025-12-02 12:08:50.116 [reactor-http-nio-3] DEBUG c.b.customer.service.CustomerService - Finding all customers
2025-12-02 12:08:50.129 [reactor-http-nio-3] DEBUG o.s.d.m.core.ReactiveMongoTemplate - find using query: {} fields: Document{{}} for class: class com.bank.customer.model.entity.Customer in collection: customers
2025-12-02 12:08:50.256 [reactor-http-nio-3] DEBUG c.b.customer.service.CustomerService - Retrieved all customers
2025-12-02 13:02:30.799 [SpringApplicationShutdownHook] INFO  o.s.b.w.e.netty.GracefulShutdown - Commencing graceful shutdown. Waiting for active requests to complete
2025-12-02 13:02:30.800 [netty-shutdown] INFO  o.s.b.w.e.netty.GracefulShutdown - Graceful shutdown complete
2025-12-02 13:47:11.496 [background-preinit] INFO  o.h.validator.internal.util.Version - HV000001: Hibernate Validator 8.0.3.Final
2025-12-02 13:47:11.532 [main] INFO  c.bank.customer.CustomerApplication - Starting CustomerApplication using Java 17.0.6 with PID 9524 (C:\Users\Jeanso\Documents\NTT-PROYECTOS\Proyecto_final\customer\target\classes started by Jeanso in C:\Users\Jeanso\Documents\NTT-PROYECTOS\Proyecto_final\customer)
2025-12-02 13:47:11.532 [main] DEBUG c.bank.customer.CustomerApplication - Running with Spring Boot v3.4.12, Spring v6.2.14
2025-12-02 13:47:11.533 [main] INFO  c.bank.customer.CustomerApplication - No active profile set, falling back to 1 default profile: "default"
2025-12-02 13:47:11.564 [main] INFO  o.s.c.c.c.ConfigServerConfigDataLoader - Fetching config from server at : http://localhost:8888
2025-12-02 13:47:11.565 [main] INFO  o.s.c.c.c.ConfigServerConfigDataLoader - Located environment: name=customer, profiles=[default], label=null, version=null, state=null
2025-12-02 13:47:11.979 [main] INFO  o.s.d.r.c.RepositoryConfigurationDelegate - Bootstrapping Spring Data Reactive MongoDB repositories in DEFAULT mode.
2025-12-02 13:47:12.071 [main] INFO  o.s.d.r.c.RepositoryConfigurationDelegate - Finished Spring Data repository scanning in 85 ms. Found 1 Reactive MongoDB repository interface.
2025-12-02 13:47:12.189 [main] INFO  o.s.cloud.context.scope.GenericScope - BeanFactory id=aedcc8ad-4d5e-3c66-82a0-04f7bbed44bc
2025-12-02 13:47:12.562 [main] INFO  org.mongodb.driver.client - MongoClient with metadata {"driver": {"name": "mongo-java-driver|reactive-streams|spring-boot", "version": "5.2.1"}, "os": {"type": "Windows", "name": "Windows 10", "architecture": "amd64", "version": "10.0"}, "platform": "Java/Oracle Corporation/17.0.6+9-LTS-190"} created with settings MongoClientSettings{readPreference=primary, writeConcern=WriteConcern{w=null, wTimeout=null ms, journal=null}, retryWrites=true, retryReads=true, readConcern=ReadConcern{level=null}, credential=null, transportSettings=NettyTransportSettings{eventLoopGroup=io.netty.channel.nio.NioEventLoopGroup@62b0bf85, socketChannelClass=null, allocator=null, sslContext=null}, commandListeners=[], codecRegistry=ProvidersCodecRegistry{codecProviders=[ValueCodecProvider{}, BsonValueCodecProvider{}, DBRefCodecProvider{}, DBObjectCodecProvider{}, DocumentCodecProvider{}, CollectionCodecProvider{}, IterableCodecProvider{}, MapCodecProvider{}, GeoJsonCodecProvider{}, GridFSFileCodecProvider{}, Jsr310CodecProvider{}, JsonObjectCodecProvider{}, BsonCodecProvider{}, EnumCodecProvider{}, com.mongodb.client.model.mql.ExpressionCodecProvider@1fcaea93, com.mongodb.Jep395RecordCodecProvider@6c9bf3b5, com.mongodb.KotlinCodecProvider@6f07d414]}, loggerSettings=LoggerSettings{maxDocumentLength=1000}, clusterSettings={hosts=[localhost:27017], srvServiceName=mongodb, mode=SINGLE, requiredClusterType=UNKNOWN, requiredReplicaSetName='null', serverSelector='null', clusterListeners='[]', serverSelectionTimeout='30000 ms', localThreshold='15 ms'}, socketSettings=SocketSettings{connectTimeoutMS=10000, readTimeoutMS=0, receiveBufferSize=0, proxySettings=ProxySettings{host=null, port=null, username=null, password=null}}, heartbeatSocketSettings=SocketSettings{connectTimeoutMS=10000, readTimeoutMS=10000, receiveBufferSize=0, proxySettings=ProxySettings{host=null, port=null, username=null, password=null}}, connectionPoolSettings=ConnectionPoolSettings{maxSize=100, minSize=0, maxWaitTimeMS=120000, maxConnectionLifeTimeMS=0, maxConnectionIdleTimeMS=0, maintenanceInitialDelayMS=0, maintenanceFrequencyMS=60000, connectionPoolListeners=[], maxConnecting=2}, serverSettings=ServerSettings{heartbeatFrequencyMS=10000, minHeartbeatFrequencyMS=500, serverMonitoringMode=AUTO, serverListeners='[]', serverMonitorListeners='[]'}, sslSettings=SslSettings{enabled=false, invalidHostNameAllowed=false, context=null}, applicationName='null', compressorList=[], uuidRepresentation=JAVA_LEGACY, serverApi=null, autoEncryptionSettings=null, dnsClient=null, inetAddressResolver=null, contextProvider=null, timeoutMS=null}
2025-12-02 13:47:12.635 [cluster-ClusterId{value='692f3430820b087c81c15a02', description='null'}-localhost:27017] INFO  org.mongodb.driver.cluster - Monitor thread successfully connected to server with description ServerDescription{address=localhost:27017, type=STANDALONE, cryptd=false, state=CONNECTED, ok=true, minWireVersion=0, maxWireVersion=27, maxDocumentSize=16777216, logicalSessionTimeoutMinutes=30, roundTripTimeNanos=28819600, minRoundTripTimeNanos=0}
2025-12-02 13:47:13.263 [main] INFO  o.s.c.n.e.c.DiscoveryClientOptionalArgsConfiguration - Eureka HTTP Client uses RestTemplate.
2025-12-02 13:47:13.357 [main] WARN  o.s.c.l.c.LoadBalancerCacheAutoConfiguration$LoadBalancerCaffeineWarnLogger - Spring Cloud LoadBalancer is currently working with the default cache. While this cache implementation is useful for development and tests, it's recommended to use Caffeine cache in production.You can switch to using Caffeine cache, by adding it and org.springframework.cache.caffeine.CaffeineCacheManager to the classpath.
2025-12-02 13:47:13.382 [main] INFO  o.s.c.n.eureka.InstanceInfoFactory - Setting initial instance status as: STARTING
2025-12-02 13:47:13.402 [main] INFO  c.netflix.discovery.DiscoveryClient - Initializing Eureka in region us-east-1
2025-12-02 13:47:13.405 [main] INFO  c.n.d.s.r.aws.ConfigClusterResolver - Resolving eureka endpoints via configuration
2025-12-02 13:47:13.412 [main] INFO  c.netflix.discovery.DiscoveryClient - Disable delta property : false
2025-12-02 13:47:13.412 [main] INFO  c.netflix.discovery.DiscoveryClient - Single vip registry refresh property : null
2025-12-02 13:47:13.412 [main] INFO  c.netflix.discovery.DiscoveryClient - Force full registry fetch : false
2025-12-02 13:47:13.412 [main] INFO  c.netflix.discovery.DiscoveryClient - Application is null : false
2025-12-02 13:47:13.412 [main] INFO  c.netflix.discovery.DiscoveryClient - Registered Applications size is zero : true
2025-12-02 13:47:13.412 [main] INFO  c.netflix.discovery.DiscoveryClient - Application version is -1: true
2025-12-02 13:47:13.412 [main] INFO  c.netflix.discovery.DiscoveryClient - Getting all instance registry info from the eureka server
2025-12-02 13:47:13.584 [main] INFO  c.netflix.discovery.DiscoveryClient - The response status is 200
2025-12-02 13:47:13.585 [main] INFO  c.netflix.discovery.DiscoveryClient - Starting heartbeat executor: renew interval is: 30
2025-12-02 13:47:13.586 [main] INFO  c.n.discovery.InstanceInfoReplicator - InstanceInfoReplicator onDemand update allowed rate per min is 4
2025-12-02 13:47:13.587 [main] INFO  c.netflix.discovery.DiscoveryClient - Discovery Client initialized at timestamp 1764701233587 with initial instances count: 1
2025-12-02 13:47:13.589 [main] INFO  o.s.c.n.e.s.EurekaServiceRegistry - Registering application CUSTOMER with eureka with status UP
2025-12-02 13:47:13.589 [main] INFO  c.netflix.discovery.DiscoveryClient - Saw local status change event StatusChangeEvent [timestamp=1764701233589, current=UP, previous=STARTING]
2025-12-02 13:47:13.590 [DiscoveryClient-InstanceInfoReplicator-%d] INFO  c.netflix.discovery.DiscoveryClient - DiscoveryClient_CUSTOMER/host.docker.internal:customer:8081: registering service...
2025-12-02 13:47:13.617 [DiscoveryClient-InstanceInfoReplicator-%d] INFO  c.netflix.discovery.DiscoveryClient - DiscoveryClient_CUSTOMER/host.docker.internal:customer:8081 - registration status: 204
2025-12-02 13:47:13.618 [main] INFO  o.s.b.w.e.netty.NettyWebServer - Netty started on port 8081 (http)
2025-12-02 13:47:13.620 [main] INFO  o.s.c.n.e.s.EurekaAutoServiceRegistration - Updating port to 8081
2025-12-02 13:47:13.742 [main] INFO  c.bank.customer.CustomerApplication - Started CustomerApplication in 3.108 seconds (process running for 3.539)
2025-12-02 13:52:13.423 [AsyncResolver-bootstrap-executor-%d] INFO  c.n.d.s.r.aws.ConfigClusterResolver - Resolving eureka endpoints via configuration
2025-12-02 13:57:13.426 [AsyncResolver-bootstrap-executor-%d] INFO  c.n.d.s.r.aws.ConfigClusterResolver - Resolving eureka endpoints via configuration
2025-12-02 14:02:13.435 [AsyncResolver-bootstrap-executor-%d] INFO  c.n.d.s.r.aws.ConfigClusterResolver - Resolving eureka endpoints via configuration
2025-12-02 14:07:13.440 [AsyncResolver-bootstrap-executor-%d] INFO  c.n.d.s.r.aws.ConfigClusterResolver - Resolving eureka endpoints via configuration
2025-12-02 14:12:13.444 [AsyncResolver-bootstrap-executor-%d] INFO  c.n.d.s.r.aws.ConfigClusterResolver - Resolving eureka endpoints via configuration
2025-12-02 14:17:13.448 [AsyncResolver-bootstrap-executor-%d] INFO  c.n.d.s.r.aws.ConfigClusterResolver - Resolving eureka endpoints via configuration
2025-12-02 14:19:22.481 [reactor-http-nio-3] INFO  c.b.c.controller.CustomerController - GET /api/customers - Fetching all customers
2025-12-02 14:19:22.481 [reactor-http-nio-3] DEBUG c.b.customer.service.CustomerService - Finding all customers
2025-12-02 14:19:22.489 [reactor-http-nio-3] DEBUG o.s.d.m.core.ReactiveMongoTemplate - find using query: {} fields: Document{{}} for class: class com.bank.customer.model.entity.Customer in collection: customers
2025-12-02 14:19:22.596 [reactor-http-nio-3] DEBUG c.b.customer.service.CustomerService - Retrieved all customers
2025-12-02 14:22:13.450 [AsyncResolver-bootstrap-executor-%d] INFO  c.n.d.s.r.aws.ConfigClusterResolver - Resolving eureka endpoints via configuration
2025-12-02 14:27:13.451 [AsyncResolver-bootstrap-executor-%d] INFO  c.n.d.s.r.aws.ConfigClusterResolver - Resolving eureka endpoints via configuration
2025-12-02 14:32:13.462 [AsyncResolver-bootstrap-executor-%d] INFO  c.n.d.s.r.aws.ConfigClusterResolver - Resolving eureka endpoints via configuration
2025-12-02 14:37:13.470 [AsyncResolver-bootstrap-executor-%d] INFO  c.n.d.s.r.aws.ConfigClusterResolver - Resolving eureka endpoints via configuration
2025-12-02 14:42:13.472 [AsyncResolver-bootstrap-executor-%d] INFO  c.n.d.s.r.aws.ConfigClusterResolver - Resolving eureka endpoints via configuration
2025-12-02 14:44:17.987 [SpringApplicationShutdownHook] INFO  o.s.c.n.e.s.EurekaServiceRegistry - Unregistering application CUSTOMER with eureka with status DOWN
2025-12-02 14:44:17.987 [SpringApplicationShutdownHook] INFO  c.netflix.discovery.DiscoveryClient - Saw local status change event StatusChangeEvent [timestamp=1764704657987, current=DOWN, previous=UP]
2025-12-02 14:44:17.987 [DiscoveryClient-InstanceInfoReplicator-%d] INFO  c.netflix.discovery.DiscoveryClient - DiscoveryClient_CUSTOMER/host.docker.internal:customer:8081: registering service...
2025-12-02 14:44:17.989 [SpringApplicationShutdownHook] INFO  o.s.b.w.e.netty.GracefulShutdown - Commencing graceful shutdown. Waiting for active requests to complete
2025-12-02 14:44:17.991 [netty-shutdown] INFO  o.s.b.w.e.netty.GracefulShutdown - Graceful shutdown complete
2025-12-02 14:44:17.993 [DiscoveryClient-InstanceInfoReplicator-%d] INFO  c.netflix.discovery.DiscoveryClient - DiscoveryClient_CUSTOMER/host.docker.internal:customer:8081 - registration status: 204
2025-12-02 15:08:28.385 [background-preinit] INFO  o.h.validator.internal.util.Version - HV000001: Hibernate Validator 8.0.3.Final
2025-12-02 15:08:28.424 [main] INFO  c.bank.customer.CustomerApplication - Starting CustomerApplication using Java 17.0.6 with PID 1068 (C:\Users\Jeanso\Documents\NTT-PROYECTOS\Proyecto_final\customer\target\classes started by Jeanso in C:\Users\Jeanso\Documents\NTT-PROYECTOS\Proyecto_final\customer)
2025-12-02 15:08:28.424 [main] DEBUG c.bank.customer.CustomerApplication - Running with Spring Boot v3.4.12, Spring v6.2.14
2025-12-02 15:08:28.425 [main] INFO  c.bank.customer.CustomerApplication - No active profile set, falling back to 1 default profile: "default"
2025-12-02 15:08:28.453 [main] INFO  o.s.c.c.c.ConfigServerConfigDataLoader - Fetching config from server at : http://localhost:8888
2025-12-02 15:08:28.453 [main] INFO  o.s.c.c.c.ConfigServerConfigDataLoader - Located environment: name=customer, profiles=[default], label=null, version=null, state=null
2025-12-02 15:08:28.837 [main] INFO  o.s.d.r.c.RepositoryConfigurationDelegate - Bootstrapping Spring Data Reactive MongoDB repositories in DEFAULT mode.
2025-12-02 15:08:28.926 [main] INFO  o.s.d.r.c.RepositoryConfigurationDelegate - Finished Spring Data repository scanning in 83 ms. Found 1 Reactive MongoDB repository interface.
2025-12-02 15:08:29.056 [main] INFO  o.s.cloud.context.scope.GenericScope - BeanFactory id=aedcc8ad-4d5e-3c66-82a0-04f7bbed44bc
2025-12-02 15:08:29.469 [main] INFO  org.mongodb.driver.client - MongoClient with metadata {"driver": {"name": "mongo-java-driver|reactive-streams|spring-boot", "version": "5.2.1"}, "os": {"type": "Windows", "name": "Windows 10", "architecture": "amd64", "version": "10.0"}, "platform": "Java/Oracle Corporation/17.0.6+9-LTS-190"} created with settings MongoClientSettings{readPreference=primary, writeConcern=WriteConcern{w=null, wTimeout=null ms, journal=null}, retryWrites=true, retryReads=true, readConcern=ReadConcern{level=null}, credential=null, transportSettings=NettyTransportSettings{eventLoopGroup=io.netty.channel.nio.NioEventLoopGroup@68e47e7, socketChannelClass=null, allocator=null, sslContext=null}, commandListeners=[], codecRegistry=ProvidersCodecRegistry{codecProviders=[ValueCodecProvider{}, BsonValueCodecProvider{}, DBRefCodecProvider{}, DBObjectCodecProvider{}, DocumentCodecProvider{}, CollectionCodecProvider{}, IterableCodecProvider{}, MapCodecProvider{}, GeoJsonCodecProvider{}, GridFSFileCodecProvider{}, Jsr310CodecProvider{}, JsonObjectCodecProvider{}, BsonCodecProvider{}, EnumCodecProvider{}, com.mongodb.client.model.mql.ExpressionCodecProvider@1c00d406, com.mongodb.Jep395RecordCodecProvider@16ac4d3d, com.mongodb.KotlinCodecProvider@559d19c]}, loggerSettings=LoggerSettings{maxDocumentLength=1000}, clusterSettings={hosts=[localhost:27017], srvServiceName=mongodb, mode=SINGLE, requiredClusterType=UNKNOWN, requiredReplicaSetName='null', serverSelector='null', clusterListeners='[]', serverSelectionTimeout='30000 ms', localThreshold='15 ms'}, socketSettings=SocketSettings{connectTimeoutMS=10000, readTimeoutMS=0, receiveBufferSize=0, proxySettings=ProxySettings{host=null, port=null, username=null, password=null}}, heartbeatSocketSettings=SocketSettings{connectTimeoutMS=10000, readTimeoutMS=10000, receiveBufferSize=0, proxySettings=ProxySettings{host=null, port=null, username=null, password=null}}, connectionPoolSettings=ConnectionPoolSettings{maxSize=100, minSize=0, maxWaitTimeMS=120000, maxConnectionLifeTimeMS=0, maxConnectionIdleTimeMS=0, maintenanceInitialDelayMS=0, maintenanceFrequencyMS=60000, connectionPoolListeners=[], maxConnecting=2}, serverSettings=ServerSettings{heartbeatFrequencyMS=10000, minHeartbeatFrequencyMS=500, serverMonitoringMode=AUTO, serverListeners='[]', serverMonitorListeners='[]'}, sslSettings=SslSettings{enabled=false, invalidHostNameAllowed=false, context=null}, applicationName='null', compressorList=[], uuidRepresentation=JAVA_LEGACY, serverApi=null, autoEncryptionSettings=null, dnsClient=null, inetAddressResolver=null, contextProvider=null, timeoutMS=null}
2025-12-02 15:08:29.555 [cluster-ClusterId{value='692f473d9b32cb66fc99abb8', description='null'}-localhost:27017] INFO  org.mongodb.driver.cluster - Monitor thread successfully connected to server with description ServerDescription{address=localhost:27017, type=STANDALONE, cryptd=false, state=CONNECTED, ok=true, minWireVersion=0, maxWireVersion=27, maxDocumentSize=16777216, logicalSessionTimeoutMinutes=30, roundTripTimeNanos=36481800, minRoundTripTimeNanos=0}
2025-12-02 15:08:30.239 [main] INFO  o.s.c.n.e.c.DiscoveryClientOptionalArgsConfiguration - Eureka HTTP Client uses RestTemplate.
2025-12-02 15:08:30.355 [main] WARN  o.s.c.l.c.LoadBalancerCacheAutoConfiguration$LoadBalancerCaffeineWarnLogger - Spring Cloud LoadBalancer is currently working with the default cache. While this cache implementation is useful for development and tests, it's recommended to use Caffeine cache in production.You can switch to using Caffeine cache, by adding it and org.springframework.cache.caffeine.CaffeineCacheManager to the classpath.
2025-12-02 15:08:30.384 [main] INFO  o.s.c.n.eureka.InstanceInfoFactory - Setting initial instance status as: STARTING
2025-12-02 15:08:30.401 [main] INFO  c.netflix.discovery.DiscoveryClient - Initializing Eureka in region us-east-1
2025-12-02 15:08:30.403 [main] INFO  c.n.d.s.r.aws.ConfigClusterResolver - Resolving eureka endpoints via configuration
2025-12-02 15:08:30.409 [main] INFO  c.netflix.discovery.DiscoveryClient - Disable delta property : false
2025-12-02 15:08:30.410 [main] INFO  c.netflix.discovery.DiscoveryClient - Single vip registry refresh property : null
2025-12-02 15:08:30.410 [main] INFO  c.netflix.discovery.DiscoveryClient - Force full registry fetch : false
2025-12-02 15:08:30.410 [main] INFO  c.netflix.discovery.DiscoveryClient - Application is null : false
2025-12-02 15:08:30.410 [main] INFO  c.netflix.discovery.DiscoveryClient - Registered Applications size is zero : true
2025-12-02 15:08:30.410 [main] INFO  c.netflix.discovery.DiscoveryClient - Application version is -1: true
2025-12-02 15:08:30.410 [main] INFO  c.netflix.discovery.DiscoveryClient - Getting all instance registry info from the eureka server
2025-12-02 15:08:30.596 [main] INFO  c.netflix.discovery.DiscoveryClient - The response status is 200
2025-12-02 15:08:30.598 [main] INFO  c.netflix.discovery.DiscoveryClient - Starting heartbeat executor: renew interval is: 30
2025-12-02 15:08:30.599 [main] INFO  c.n.discovery.InstanceInfoReplicator - InstanceInfoReplicator onDemand update allowed rate per min is 4
2025-12-02 15:08:30.599 [main] INFO  c.netflix.discovery.DiscoveryClient - Discovery Client initialized at timestamp 1764706110599 with initial instances count: 1
2025-12-02 15:08:30.601 [main] INFO  o.s.c.n.e.s.EurekaServiceRegistry - Registering application CUSTOMER with eureka with status UP
2025-12-02 15:08:30.602 [main] INFO  c.netflix.discovery.DiscoveryClient - Saw local status change event StatusChangeEvent [timestamp=1764706110602, current=UP, previous=STARTING]
2025-12-02 15:08:30.603 [DiscoveryClient-InstanceInfoReplicator-%d] INFO  c.netflix.discovery.DiscoveryClient - DiscoveryClient_CUSTOMER/host.docker.internal:customer:8081: registering service...
2025-12-02 15:08:30.630 [DiscoveryClient-InstanceInfoReplicator-%d] INFO  c.netflix.discovery.DiscoveryClient - DiscoveryClient_CUSTOMER/host.docker.internal:customer:8081 - registration status: 204
2025-12-02 15:08:30.631 [main] INFO  o.s.b.w.e.netty.NettyWebServer - Netty started on port 8081 (http)
2025-12-02 15:08:30.632 [main] INFO  o.s.c.n.e.s.EurekaAutoServiceRegistration - Updating port to 8081
2025-12-02 15:08:30.761 [main] INFO  c.bank.customer.CustomerApplication - Started CustomerApplication in 3.205 seconds (process running for 3.639)
2025-12-02 15:09:23.701 [reactor-http-nio-3] INFO  c.b.c.controller.CustomerController - GET /api/customers - Fetching all customers
2025-12-02 15:09:23.701 [reactor-http-nio-3] DEBUG c.b.customer.service.CustomerService - Finding all customers
2025-12-02 15:09:23.709 [reactor-http-nio-3] DEBUG o.s.d.m.core.ReactiveMongoTemplate - find using query: {} fields: Document{{}} for class: class com.bank.customer.model.entity.Customer in collection: customers
2025-12-02 15:09:23.805 [reactor-http-nio-3] DEBUG c.b.customer.service.CustomerService - Retrieved all customers
2025-12-02 15:10:27.725 [reactor-http-nio-4] INFO  c.b.c.controller.CustomerController - GET /api/customers - Fetching all customers
2025-12-02 15:10:27.725 [reactor-http-nio-4] DEBUG c.b.customer.service.CustomerService - Finding all customers
2025-12-02 15:10:27.726 [reactor-http-nio-4] DEBUG o.s.d.m.core.ReactiveMongoTemplate - find using query: {} fields: Document{{}} for class: class com.bank.customer.model.entity.Customer in collection: customers
2025-12-02 15:10:27.729 [reactor-http-nio-4] DEBUG c.b.customer.service.CustomerService - Retrieved all customers
2025-12-02 15:13:30.422 [AsyncResolver-bootstrap-executor-%d] INFO  c.n.d.s.r.aws.ConfigClusterResolver - Resolving eureka endpoints via configuration
2025-12-02 15:18:30.432 [AsyncResolver-bootstrap-executor-%d] INFO  c.n.d.s.r.aws.ConfigClusterResolver - Resolving eureka endpoints via configuration
2025-12-02 15:23:30.446 [AsyncResolver-bootstrap-executor-%d] INFO  c.n.d.s.r.aws.ConfigClusterResolver - Resolving eureka endpoints via configuration
2025-12-02 15:28:30.453 [AsyncResolver-bootstrap-executor-%d] INFO  c.n.d.s.r.aws.ConfigClusterResolver - Resolving eureka endpoints via configuration
2025-12-02 15:33:30.467 [AsyncResolver-bootstrap-executor-%d] INFO  c.n.d.s.r.aws.ConfigClusterResolver - Resolving eureka endpoints via configuration
2025-12-02 15:38:30.481 [AsyncResolver-bootstrap-executor-%d] INFO  c.n.d.s.r.aws.ConfigClusterResolver - Resolving eureka endpoints via configuration
2025-12-02 15:43:30.488 [AsyncResolver-bootstrap-executor-%d] INFO  c.n.d.s.r.aws.ConfigClusterResolver - Resolving eureka endpoints via configuration
2025-12-02 15:48:30.497 [AsyncResolver-bootstrap-executor-%d] INFO  c.n.d.s.r.aws.ConfigClusterResolver - Resolving eureka endpoints via configuration
2025-12-02 15:52:55.648 [SpringApplicationShutdownHook] INFO  o.s.c.n.e.s.EurekaServiceRegistry - Unregistering application CUSTOMER with eureka with status DOWN
2025-12-02 15:52:55.649 [SpringApplicationShutdownHook] INFO  c.netflix.discovery.DiscoveryClient - Saw local status change event StatusChangeEvent [timestamp=1764708775649, current=DOWN, previous=UP]
2025-12-02 15:52:55.649 [DiscoveryClient-InstanceInfoReplicator-%d] INFO  c.netflix.discovery.DiscoveryClient - DiscoveryClient_CUSTOMER/host.docker.internal:customer:8081: registering service...
2025-12-02 15:52:55.650 [SpringApplicationShutdownHook] INFO  o.s.b.w.e.netty.GracefulShutdown - Commencing graceful shutdown. Waiting for active requests to complete
2025-12-02 15:52:55.651 [netty-shutdown] INFO  o.s.b.w.e.netty.GracefulShutdown - Graceful shutdown complete
2025-12-02 15:52:55.655 [DiscoveryClient-InstanceInfoReplicator-%d] INFO  c.netflix.discovery.DiscoveryClient - DiscoveryClient_CUSTOMER/host.docker.internal:customer:8081 - registration status: 204
2025-12-02 15:52:59.807 [SpringApplicationShutdownHook] INFO  c.netflix.discovery.DiscoveryClient - Shutting down DiscoveryClient ...
2025-12-02 15:53:02.819 [SpringApplicationShutdownHook] INFO  c.netflix.discovery.DiscoveryClient - Unregistering ...
2025-12-02 15:53:02.819 [DiscoveryClient-%d] WARN  c.n.discovery.TimedSupervisorTask - task supervisor shutting down, can't accept the task
2025-12-02 15:53:02.821 [SpringApplicationShutdownHook] INFO  c.netflix.discovery.DiscoveryClient - DiscoveryClient_CUSTOMER/host.docker.internal:customer:8081 - deregister  status: 200
2025-12-02 15:53:02.822 [SpringApplicationShutdownHook] INFO  c.netflix.discovery.DiscoveryClient - Completed shut down of DiscoveryClient
